<?xml version="1.0" encoding="UTF-8"?>
<coverage generated="1523893748359" clover="3.2.0">
  <project timestamp="1523893748359" name="All files">
    <metrics statements="24" coveredstatements="24" conditionals="0" coveredconditionals="0" methods="0" coveredmethods="0" elements="24" coveredelements="24" complexity="0" loc="24" ncloc="24" packages="2" files="7" classes="7">
      <package name="graphql.accounts">
        <metrics statements="20" coveredstatements="20" conditionals="0" coveredconditionals="0" methods="0" coveredmethods="0"/>
        <file name="getIdQuery.ts" path="/Users/tomoakitsuruta/side-project/frontend/src/graphql/accounts/getIdQuery.ts">
          <metrics statements="2" coveredstatements="2" conditionals="0" coveredconditionals="0" methods="0" coveredmethods="0"/>
          <line num="1" count="1" type="stmt"/>
          <line num="3" count="1" type="stmt"/>
        </file>
        <file name="index.ts" path="/Users/tomoakitsuruta/side-project/frontend/src/graphql/accounts/index.ts">
          <metrics statements="10" coveredstatements="10" conditionals="0" coveredconditionals="0" methods="0" coveredmethods="0"/>
          <line num="1" count="1" type="stmt"/>
          <line num="2" count="1" type="stmt"/>
          <line num="3" count="1" type="stmt"/>
          <line num="4" count="1" type="stmt"/>
          <line num="5" count="1" type="stmt"/>
          <line num="8" count="1" type="stmt"/>
          <line num="9" count="1" type="stmt"/>
          <line num="10" count="1" type="stmt"/>
          <line num="11" count="1" type="stmt"/>
          <line num="12" count="1" type="stmt"/>
        </file>
        <file name="loginMutation.ts" path="/Users/tomoakitsuruta/side-project/frontend/src/graphql/accounts/loginMutation.ts">
          <metrics statements="2" coveredstatements="2" conditionals="0" coveredconditionals="0" methods="0" coveredmethods="0"/>
          <line num="1" count="1" type="stmt"/>
          <line num="3" count="1" type="stmt"/>
        </file>
        <file name="loginStatusQuery.ts" path="/Users/tomoakitsuruta/side-project/frontend/src/graphql/accounts/loginStatusQuery.ts">
          <metrics statements="2" coveredstatements="2" conditionals="0" coveredconditionals="0" methods="0" coveredmethods="0"/>
          <line num="1" count="1" type="stmt"/>
          <line num="3" count="1" type="stmt"/>
        </file>
        <file name="logoutMutation.ts" path="/Users/tomoakitsuruta/side-project/frontend/src/graphql/accounts/logoutMutation.ts">
          <metrics statements="2" coveredstatements="2" conditionals="0" coveredconditionals="0" methods="0" coveredmethods="0"/>
          <line num="1" count="1" type="stmt"/>
          <line num="3" count="1" type="stmt"/>
        </file>
        <file name="signupMutation.ts" path="/Users/tomoakitsuruta/side-project/frontend/src/graphql/accounts/signupMutation.ts">
          <metrics statements="2" coveredstatements="2" conditionals="0" coveredconditionals="0" methods="0" coveredmethods="0"/>
          <line num="1" count="1" type="stmt"/>
          <line num="3" count="1" type="stmt"/>
        </file>
      </package>
      <package name="queries.accounts">
        <metrics statements="4" coveredstatements="4" conditionals="0" coveredconditionals="0" methods="0" coveredmethods="0"/>
        <file name="checkLoginStatus.ts" path="/Users/tomoakitsuruta/side-project/frontend/src/queries/accounts/checkLoginStatus.ts">
          <metrics statements="4" coveredstatements="4" conditionals="0" coveredconditionals="0" methods="0" coveredmethods="0"/>
          <line num="1" count="1" type="stmt"/>
          <line num="2" count="1" type="stmt"/>
          <line num="9" count="1" type="stmt"/>
          <line num="13" count="1" type="stmt"/>
        </file>
      </package>
    </metrics>
  </project>
</coverage>
