{"/Users/tomoakitsuruta/side-project/frontend/src/graphql/accounts/getIdQuery.ts": {"path":"/Users/tomoakitsuruta/side-project/frontend/src/graphql/accounts/getIdQuery.ts","statementMap":{"0":{"start":{"line":1,"column":0},"end":{"line":1,"column":29}},"1":{"start":{"line":3,"column":13},"end":{"line":8,"column":3}}},"fnMap":{},"branchMap":{},"s":{"0":1,"1":1},"f":{},"b":{}}
,"/Users/tomoakitsuruta/side-project/frontend/src/graphql/accounts/index.ts": {"path":"/Users/tomoakitsuruta/side-project/frontend/src/graphql/accounts/index.ts","statementMap":{"0":{"start":{"line":1,"column":0},"end":{"line":1,"column":43}},"1":{"start":{"line":8,"column":2},"end":{"line":8,"column":14}},"2":{"start":{"line":2,"column":0},"end":{"line":2,"column":48}},"3":{"start":{"line":9,"column":2},"end":{"line":9,"column":16}},"4":{"start":{"line":3,"column":0},"end":{"line":3,"column":55}},"5":{"start":{"line":10,"column":2},"end":{"line":10,"column":20}},"6":{"start":{"line":4,"column":0},"end":{"line":4,"column":50}},"7":{"start":{"line":11,"column":2},"end":{"line":11,"column":17}},"8":{"start":{"line":5,"column":0},"end":{"line":5,"column":50}},"9":{"start":{"line":12,"column":2},"end":{"line":12,"column":17}}},"fnMap":{},"branchMap":{},"s":{"0":1,"1":1,"2":1,"3":1,"4":1,"5":1,"6":1,"7":1,"8":1,"9":1},"f":{},"b":{}}
,"/Users/tomoakitsuruta/side-project/frontend/src/graphql/accounts/loginMutation.ts": {"path":"/Users/tomoakitsuruta/side-project/frontend/src/graphql/accounts/loginMutation.ts","statementMap":{"0":{"start":{"line":1,"column":0},"end":{"line":1,"column":29}},"1":{"start":{"line":3,"column":13},"end":{"line":6,"column":3}}},"fnMap":{},"branchMap":{},"s":{"0":1,"1":1},"f":{},"b":{}}
,"/Users/tomoakitsuruta/side-project/frontend/src/graphql/accounts/loginStatusQuery.ts": {"path":"/Users/tomoakitsuruta/side-project/frontend/src/graphql/accounts/loginStatusQuery.ts","statementMap":{"0":{"start":{"line":1,"column":0},"end":{"line":1,"column":29}},"1":{"start":{"line":3,"column":13},"end":{"line":8,"column":3}}},"fnMap":{},"branchMap":{},"s":{"0":1,"1":1},"f":{},"b":{}}
,"/Users/tomoakitsuruta/side-project/frontend/src/graphql/accounts/logoutMutation.ts": {"path":"/Users/tomoakitsuruta/side-project/frontend/src/graphql/accounts/logoutMutation.ts","statementMap":{"0":{"start":{"line":1,"column":0},"end":{"line":1,"column":29}},"1":{"start":{"line":3,"column":13},"end":{"line":6,"column":3}}},"fnMap":{},"branchMap":{},"s":{"0":1,"1":1},"f":{},"b":{}}
,"/Users/tomoakitsuruta/side-project/frontend/src/graphql/accounts/signupMutation.ts": {"path":"/Users/tomoakitsuruta/side-project/frontend/src/graphql/accounts/signupMutation.ts","statementMap":{"0":{"start":{"line":1,"column":0},"end":{"line":1,"column":29}},"1":{"start":{"line":3,"column":13},"end":{"line":9,"column":3}}},"fnMap":{},"branchMap":{},"s":{"0":1,"1":1},"f":{},"b":{}}
,"/Users/tomoakitsuruta/side-project/frontend/src/queries/accounts/checkLoginStatus.ts": {"path":"/Users/tomoakitsuruta/side-project/frontend/src/queries/accounts/checkLoginStatus.ts","statementMap":{"0":{"start":{"line":1,"column":0},"end":{"line":1,"column":62}},"1":{"start":{"line":2,"column":0},"end":{"line":2,"column":59}},"2":{"start":{"line":9,"column":25},"end":{"line":11,"column":1}},"3":{"start":{"line":13,"column":0},"end":{"line":13,"column":32}}},"fnMap":{},"branchMap":{},"s":{"0":1,"1":1,"2":1,"3":1},"f":{},"b":{}}
}
