TN:
SF:/Users/tomoakitsuruta/side-project/frontend/src/graphql/accounts/getIdQuery.ts
FNF:0
FNH:0
DA:1,1
DA:3,1
LF:2
LH:2
BRF:0
BRH:0
end_of_record
TN:
SF:/Users/tomoakitsuruta/side-project/frontend/src/graphql/accounts/index.ts
FNF:0
FNH:0
DA:1,1
DA:2,1
DA:3,1
DA:4,1
DA:5,1
DA:8,1
DA:9,1
DA:10,1
DA:11,1
DA:12,1
LF:10
LH:10
BRF:0
BRH:0
end_of_record
TN:
SF:/Users/tomoakitsuruta/side-project/frontend/src/graphql/accounts/loginMutation.ts
FNF:0
FNH:0
DA:1,1
DA:3,1
LF:2
LH:2
BRF:0
BRH:0
end_of_record
TN:
SF:/Users/tomoakitsuruta/side-project/frontend/src/graphql/accounts/loginStatusQuery.ts
FNF:0
FNH:0
DA:1,1
DA:3,1
LF:2
LH:2
BRF:0
BRH:0
end_of_record
TN:
SF:/Users/tomoakitsuruta/side-project/frontend/src/graphql/accounts/logoutMutation.ts
FNF:0
FNH:0
DA:1,1
DA:3,1
LF:2
LH:2
BRF:0
BRH:0
end_of_record
TN:
SF:/Users/tomoakitsuruta/side-project/frontend/src/graphql/accounts/signupMutation.ts
FNF:0
FNH:0
DA:1,1
DA:3,1
LF:2
LH:2
BRF:0
BRH:0
end_of_record
TN:
SF:/Users/tomoakitsuruta/side-project/frontend/src/queries/accounts/checkLoginStatus.ts
FNF:0
FNH:0
DA:1,1
DA:2,1
DA:9,1
DA:13,1
LF:4
LH:4
BRF:0
BRH:0
end_of_record
